2025-05-25 14:47:18,678 INFO Поставка 9951 успешно создано
2025-05-25 14:50:58,179 INFO Поставка #70 успешно создана: поставщик 1669 на 2025-05-25 
2025-05-25 14:53:52,379 INFO Поставка #71 успешно создана: поставщик 6329 на 2025-05-25 
2025-05-25 14:53:52,392 INFO Добавлено 2 изображении поставке #71
2025-05-25 14:55:24,314 INFO Поставка #65 успешно изменена
2025-05-25 15:02:01,481 INFO Поставка #65 успешно изменена
2025-05-25 15:03:07,277 INFO Поставка #False успешно изменена
2025-05-25 15:05:02,236 INFO Поставка #59 успешно изменена
2025-05-25 15:05:20,409 INFO Поставка #59 успешно изменена
2025-05-25 15:12:21,903 INFO CashFlowSerializer(context={'request': <rest_framework.request.Request: POST '/api/v1/cashflows/'>, 'format': None, 'view': <app.views.CashFlowViewSet object>}, data={'amount': 312, 'description': ''}):
    id = IntegerField(label='ID', read_only=True)
    amount = IntegerField(max_value=2147483647, min_value=-2147483648)
    description = CharField(allow_blank=True, required=False, style={'base_template': 'textarea.html'})
    date_added = DateTimeField(read_only=True)
2025-05-25 15:14:58,724 INFO 11
2025-05-25 15:16:03,475 INFO Внесение в размере 11111
2025-05-25 15:16:13,350 INFO Вынос в размере -5000
2025-05-25 15:19:39,205 INFO Создание долга в размере 12121 клиенту 2
2025-05-25 15:22:04,442 INFO Удаление долга #163
2025-05-25 15:23:37,832 INFO Создание долга в размере 123 клиенту #11(2)
2025-05-25 15:23:41,788 INFO Создание долга в размере 12321312 клиенту #11(2)
2025-05-25 15:23:52,616 INFO Удаление долга в размере 12321312 у клиента 2 : 123
2025-05-25 15:23:52,617 INFO Удаление долга #165
2025-05-25 15:33:21,065 INFO Удаление долга в размере 123 у клиента 2
2025-05-25 15:33:24,583 INFO Создание долга в размере 312312 клиенту #11(2)
2025-05-25 15:57:20,017 INFO Внесение в размере 321312
2025-05-25 16:41:38,233 INFO Внесение в размере 123231
2025-05-25 17:20:33,618 INFO Поставка #1 успешно создана: поставщик 5684 на 2025-05-25 
2025-05-25 17:21:31,868 INFO Поставка #2 успешно создана: поставщик 5684 на 2025-05-25 
2025-05-25 17:21:37,361 INFO Поставка #1 успешно изменена
2025-05-25 17:24:00,306 INFO Поставка #3 успешно создана: поставщик 1430 на 2025-05-25 
2025-05-25 17:24:22,480 INFO Внесение в размере 98000
2025-05-25 17:26:09,202 INFO Внесение в размере 2121
2025-05-25 17:27:56,075 INFO Внесение в размере 1
2025-05-26 17:23:28,519 INFO Поставка #4 успешно создана: поставщик 2647 на 2025-05-26 
2025-05-26 17:59:30,330 INFO Внесение в размере 5000
2025-05-27 23:53:41,586 INFO Поставка #72 успешно создана: поставщик 10 на 2025-05-27 
2025-05-28 00:02:02,633 INFO Поставка #5 успешно создана: поставщик 12 на 2025-05-27 
2025-05-28 00:02:06,955 INFO Поставка #5 успешно изменена
2025-05-29 14:23:00,373 INFO Поставка #73 успешно создана: поставщик Лепешки на 2025-05-29 
2025-05-29 14:40:14,063 INFO Поставка #74 успешно создана: поставщик 123 на 2025-05-29 
2025-05-29 14:43:34,280 INFO Поставка #75 успешно создана: поставщик 123 на 2025-05-29 
2025-05-29 14:44:10,716 INFO Поставка #75 успешно изменена
2025-05-29 15:43:02,856 INFO Поставка #76 успешно создана: поставщик Хлеб на 2025-05-29 
2025-05-29 15:43:11,819 INFO Поставка #76 успешно изменена
2025-05-29 15:59:03,480 INFO Поставка #77 успешно создана: поставщик Хлеб на 2025-05-29 
2025-05-29 16:00:24,544 INFO Поставка #78 успешно создана: поставщик Хлеб на 2025-05-29 
2025-05-29 16:00:52,487 INFO Поставка #79 успешно создана: поставщик Хлеб на 2025-05-29 
2025-05-29 16:01:59,284 INFO Поставка #79 успешно изменена
2025-05-29 16:03:34,899 INFO Поставка #79 успешно изменена
2025-05-29 16:08:00,615 INFO Поставка #78 успешно изменена
2025-05-29 16:29:48,574 INFO Поставка #6 успешно создана: поставщик Лепешки на 2025-05-29 
2025-05-29 16:29:55,260 INFO Поставка #6 успешно изменена
2025-06-01 22:30:12,304 INFO Поставка #80 успешно создана: поставщик Хлеб на 2025-06-01 
2025-06-19 16:04:03,354 INFO Поставка #81 успешно создана: поставщик Фудмастер на 2025-06-19 
2025-06-27 17:09:17,540 INFO Поставка #82 успешно создана: поставщик Фудмастер на 2025-06-27 
2025-06-27 17:18:32,311 INFO Поставка #83 успешно создана: поставщик Лепешки на 2025-06-27 
2025-06-27 17:22:53,587 INFO Поставка #84 успешно создана: поставщик Хлеб на 2025-06-27 
2025-06-27 17:24:24,981 INFO Поставка #85 успешно создана: поставщик Данон на 2025-06-28 
2025-06-28 16:24:24,181 INFO Поставка #86 успешно создана: поставщик Фудмастер на 2025-06-28 
2025-07-26 12:04:33,487 INFO Поставка #87 успешно создана: поставщик Данон на 2025-07-27 
2025-07-26 12:06:01,937 INFO Поставка #88 успешно создана: поставщик Фудмастер на 2025-07-26 
2025-07-26 12:06:01,949 INFO Добавлено 1 изображении поставке #88
2025-07-26 12:34:48,952 INFO Поставка #89 успешно создана: поставщик Хлеб на 2025-07-26 
2025-07-26 14:23:47,060 INFO Внесение в размере 123123123
2025-07-26 14:25:36,739 INFO Внесение в размере 312312
2025-07-26 14:43:48,291 INFO Внесение в размере 50000
2025-07-26 14:44:06,768 INFO Вынос в размере -12000
2025-07-26 14:58:44,613 INFO Внесение в размере 5800
2025-07-26 15:01:19,561 INFO Внесение в размере 58000
2025-07-26 15:01:37,478 INFO Поставка #90 успешно создана: поставщик Данон на 2025-07-26 
2025-07-26 15:02:07,926 INFO Поставка #91 успешно создана: поставщик Фудмастер на 2025-07-26 
2025-07-26 15:04:06,274 INFO Внесение в размере 59000
2025-07-26 15:30:03,862 INFO Создание долга в размере 5900 клиенту #38(Вадим)
2025-07-26 15:30:42,079 INFO Создание долга в размере -8900 клиенту #38(Вадим)
2025-07-26 15:42:56,482 INFO Создание долга в размере 3000 клиенту #38(Вадим)
2025-07-26 15:42:56,486 INFO Обнуление всех долгов клиента #38(Вадим)
2025-07-26 15:43:05,179 INFO Создание долга в размере 1200 клиенту #38(Вадим)
2025-07-26 15:43:18,359 INFO Создание долга в размере 9800 клиенту #38(Вадим)
2025-07-26 15:43:38,360 INFO Удаление долга в размере 1200 у клиента #38(Вадим)
2025-07-26 22:57:01,666 INFO Внесение в размере 5000
2025-07-26 23:39:35,251 INFO Внесение в размере 432423
2025-07-26 23:39:40,865 INFO Внесение в размере 312312312
2025-07-26 23:52:42,789 INFO Поставка #92 успешно создана: поставщик Хлеб на 2025-07-27 
2025-07-27 00:10:04,339 INFO Поставка #93 успешно создана: поставщик Фудмастер на 2025-07-26 
2025-07-27 00:13:18,446 INFO Внесение в размере 58000
2025-07-28 13:15:46,988 INFO Поставка #101 успешно создана: поставщик макси чай на 2025-07-28 
2025-07-28 13:16:04,612 INFO Поставка #102 успешно создана: поставщик Фудмастер на 2025-07-28 
2025-07-28 13:16:19,229 INFO Поставка #103 успешно создана: поставщик Лепешки на 2025-07-28 
2025-07-28 13:26:06,317 INFO Поставка #104 успешно создана: поставщик 1233 на 2025-07-28 
2025-08-01 16:34:31,725 INFO Поставка #105 успешно создана: поставщик Данон на 2025-08-01 
2025-08-03 00:31:20,192 INFO Поставка #106 успешно создана: поставщик Данон на 2025-08-02 
2025-08-03 00:38:45,671 INFO Внесение в размере 213213
